<?xml version="1.0" encoding="UTF-8"?>
<testsuite xmlns:xsi="http://www.w3.org/2001/XMLSchema-instance" xsi:noNamespaceSchemaLocation="https://maven.apache.org/surefire/maven-surefire-plugin/xsd/surefire-test-report.xsd" name="com.homework.AppTest" time="0.031" tests="18" errors="0" skipped="0" failures="0">
  <properties>
    <property name="java.specification.version" value="21"/>
    <property name="sun.cpu.isalist" value="amd64"/>
    <property name="sun.jnu.encoding" value="Cp1252"/>
    <property name="java.class.path" value="C:\Users\renek\OneDrive\Desktop\University\Third Year\Second Sem\Software Quality\Homework Assignment\sqhomework\target\test-classes;C:\Users\renek\OneDrive\Desktop\University\Third Year\Second Sem\Software Quality\Homework Assignment\sqhomework\target\classes;C:\Users\renek\.m2\repository\junit\junit\4.11\junit-4.11.jar;C:\Users\renek\.m2\repository\org\hamcrest\hamcrest-core\1.3\hamcrest-core-1.3.jar;"/>
    <property name="java.vm.vendor" value="Oracle Corporation"/>
    <property name="sun.arch.data.model" value="64"/>
    <property name="user.variant" value=""/>
    <property name="java.vendor.url" value="https://java.oracle.com/"/>
    <property name="user.timezone" value="America/New_York"/>
    <property name="os.name" value="Windows 10"/>
    <property name="java.vm.specification.version" value="21"/>
    <property name="sun.java.launcher" value="SUN_STANDARD"/>
    <property name="user.country" value="US"/>
    <property name="sun.boot.library.path" value="C:\Program Files\Java\jdk-21\bin"/>
    <property name="sun.java.command" value="C:\Users\renek\AppData\Local\Temp\surefire8141096150378150414\surefirebooter17949680944664051212.jar C:\Users\renek\AppData\Local\Temp\surefire8141096150378150414 2024-02-25T17-35-26_374-jvmRun1 surefire16311355733865109046tmp surefire_02549408669995102858tmp"/>
    <property name="jdk.debug" value="release"/>
    <property name="surefire.test.class.path" value="C:\Users\renek\OneDrive\Desktop\University\Third Year\Second Sem\Software Quality\Homework Assignment\sqhomework\target\test-classes;C:\Users\renek\OneDrive\Desktop\University\Third Year\Second Sem\Software Quality\Homework Assignment\sqhomework\target\classes;C:\Users\renek\.m2\repository\junit\junit\4.11\junit-4.11.jar;C:\Users\renek\.m2\repository\org\hamcrest\hamcrest-core\1.3\hamcrest-core-1.3.jar;"/>
    <property name="sun.cpu.endian" value="little"/>
    <property name="user.home" value="C:\Users\renek"/>
    <property name="user.language" value="en"/>
    <property name="java.specification.vendor" value="Oracle Corporation"/>
    <property name="java.version.date" value="2024-01-16"/>
    <property name="java.home" value="C:\Program Files\Java\jdk-21"/>
    <property name="file.separator" value="\"/>
    <property name="basedir" value="C:\Users\renek\OneDrive\Desktop\University\Third Year\Second Sem\Software Quality\Homework Assignment\sqhomework"/>
    <property name="java.vm.compressedOopsMode" value="Zero based"/>
    <property name="line.separator" value="&#10;"/>
    <property name="java.vm.specification.vendor" value="Oracle Corporation"/>
    <property name="java.specification.name" value="Java Platform API Specification"/>
    <property name="surefire.real.class.path" value="C:\Users\renek\AppData\Local\Temp\surefire8141096150378150414\surefirebooter17949680944664051212.jar"/>
    <property name="user.script" value=""/>
    <property name="sun.management.compiler" value="HotSpot 64-Bit Tiered Compilers"/>
    <property name="java.runtime.version" value="21.0.2+13-LTS-58"/>
    <property name="user.name" value="renek"/>
    <property name="stdout.encoding" value="Cp1252"/>
    <property name="path.separator" value=";"/>
    <property name="os.version" value="10.0"/>
    <property name="java.runtime.name" value="Java(TM) SE Runtime Environment"/>
    <property name="file.encoding" value="UTF-8"/>
    <property name="java.vm.name" value="Java HotSpot(TM) 64-Bit Server VM"/>
    <property name="localRepository" value="C:\Users\renek\.m2\repository"/>
    <property name="java.vendor.url.bug" value="https://bugreport.java.com/bugreport/"/>
    <property name="java.io.tmpdir" value="C:\Users\renek\AppData\Local\Temp\"/>
    <property name="java.version" value="21.0.2"/>
    <property name="user.dir" value="C:\Users\renek\OneDrive\Desktop\University\Third Year\Second Sem\Software Quality\Homework Assignment\sqhomework"/>
    <property name="os.arch" value="amd64"/>
    <property name="java.vm.specification.name" value="Java Virtual Machine Specification"/>
    <property name="sun.os.patch.level" value=""/>
    <property name="native.encoding" value="Cp1252"/>
    <property name="java.library.path" value="C:\Program Files\Java\jdk-21\bin;C:\Windows\Sun\Java\bin;C:\Windows\system32;C:\Windows;C:\Program Files\Common Files\Oracle\Java\javapath;C:\Program Files\Oculus\Support\oculus-runtime;C:\Windows\system32;C:\Windows;C:\Windows\System32\Wbem;C:\Windows\System32\WindowsPowerShell\v1.0\;C:\Windows\System32\OpenSSH\;C:\Program Files\dotnet\;C:\Program Files\NVIDIA Corporation\NVIDIA NvDLISR;C:\Program Files (x86)\NVIDIA Corporation\PhysX\Common;C:\Program Files\nodejs\;C:\Program Files\Git\cmd;C:\Users\renek\AppData\Local\Programs\Python\Python312;C:\Users\renek\AppData\Local\Programs\Python\Python312\Scripts;C:\Users\renek\AppData\Local\Programs\Microsoft VS Code\bin;C:\Users\renek\OneDrive\Desktop\apache-maven-3.9.6\bin;;."/>
    <property name="java.vm.info" value="mixed mode, sharing"/>
    <property name="stderr.encoding" value="Cp1252"/>
    <property name="java.vendor" value="Oracle Corporation"/>
    <property name="java.vm.version" value="21.0.2+13-LTS-58"/>
    <property name="sun.io.unicode.encoding" value="UnicodeLittle"/>
    <property name="java.class.version" value="65.0"/>
  </properties>
  <testcase name="shouldAnswerWithTrue" classname="com.homework.AppTest" time="0.002"/>
  <testcase name="test10" classname="com.homework.AppTest" time="0"/>
  <testcase name="test11" classname="com.homework.AppTest" time="0"/>
  <testcase name="test12" classname="com.homework.AppTest" time="0"/>
  <testcase name="test13" classname="com.homework.AppTest" time="0"/>
  <testcase name="test14" classname="com.homework.AppTest" time="0"/>
  <testcase name="test15" classname="com.homework.AppTest" time="0"/>
  <testcase name="test16" classname="com.homework.AppTest" time="0"/>
  <testcase name="test17" classname="com.homework.AppTest" time="0.001"/>
  <testcase name="test1" classname="com.homework.AppTest" time="0"/>
  <testcase name="test2" classname="com.homework.AppTest" time="0"/>
  <testcase name="test3" classname="com.homework.AppTest" time="0"/>
  <testcase name="test4" classname="com.homework.AppTest" time="0"/>
  <testcase name="test5" classname="com.homework.AppTest" time="0"/>
  <testcase name="test6" classname="com.homework.AppTest" time="0"/>
  <testcase name="test7" classname="com.homework.AppTest" time="0.001"/>
  <testcase name="test8" classname="com.homework.AppTest" time="0"/>
  <testcase name="test9" classname="com.homework.AppTest" time="0"/>
</testsuite>